{
  "RSpec": {
    "coverage": {
      "/Users/tarebyte/Code/Neo/psychic-octo-wallhack/config/environment.rb": [
        null,
        1,
        null,
        null,
        1
      ],
      "/Users/tarebyte/Code/Neo/psychic-octo-wallhack/config/application.rb": [
        1,
        null,
        null,
        1,
        1,
        1,
        1,
        null,
        null,
        null,
        null,
        1,
        null,
        1,
        1,
        null,
        null,
        null,
        null,
        null,
        null,
        null,
        null,
        null,
        null,
        null,
        null,
        null
      ],
      "/Users/tarebyte/Code/Neo/psychic-octo-wallhack/config/boot.rb": [
        null,
        1,
        null,
        1
      ],
      "/Users/tarebyte/Code/Neo/psychic-octo-wallhack/config/environments/test.rb": [
        1,
        null,
        null,
        null,
        null,
        null,
        null,
        1,
        null,
        null,
        null,
        null,
        1,
        null,
        null,
        1,
        1,
        null,
        null,
        1,
        1,
        null,
        null,
        1,
        null,
        null,
        1,
        null,
        null,
        null,
        null,
        1,
        null,
        null,
        1,
        null
      ],
      "/Users/tarebyte/Code/Neo/psychic-octo-wallhack/config/initializers/backtrace_silencers.rb": [
        null,
        null,
        null,
        null,
        null,
        null,
        null
      ],
      "/Users/tarebyte/Code/Neo/psychic-octo-wallhack/config/initializers/filter_parameter_logging.rb": [
        null,
        null,
        null,
        1
      ],
      "/Users/tarebyte/Code/Neo/psychic-octo-wallhack/config/initializers/inflections.rb": [
        null,
        null,
        null,
        null,
        null,
        null,
        null,
        null,
        null,
        null,
        null,
        null,
        null,
        null,
        null,
        null
      ],
      "/Users/tarebyte/Code/Neo/psychic-octo-wallhack/config/initializers/mime_types.rb": [
        null,
        null,
        null,
        null,
        null
      ],
      "/Users/tarebyte/Code/Neo/psychic-octo-wallhack/config/initializers/omniauth.rb": [
        1,
        null,
        1,
        1,
        null
      ],
      "/Users/tarebyte/Code/Neo/psychic-octo-wallhack/config/initializers/secret_token.rb": [
        null,
        null,
        null,
        null,
        null,
        null,
        null,
        null,
        null,
        null,
        null,
        1,
        null,
        1,
        1,
        1,
        1,
        null,
        0,
        0,
        0,
        null,
        null,
        null,
        1
      ],
      "/Users/tarebyte/Code/Neo/psychic-octo-wallhack/config/initializers/session_store.rb": [
        null,
        null,
        1
      ],
      "/Users/tarebyte/Code/Neo/psychic-octo-wallhack/config/initializers/wrap_parameters.rb": [
        null,
        null,
        null,
        null,
        null,
        null,
        1,
        1,
        null,
        null,
        null,
        null,
        null,
        null
      ],
      "/Users/tarebyte/Code/Neo/psychic-octo-wallhack/spec/factories/users.rb": [

      ],
      "/Users/tarebyte/Code/Neo/psychic-octo-wallhack/config/routes.rb": [
        1,
        1,
        null,
        null,
        1,
        null,
        null,
        1,
        1,
        1,
        null
      ],
      "/Users/tarebyte/Code/Neo/psychic-octo-wallhack/app/helpers/application_helper.rb": [
        1,
        null
      ],
      "/Users/tarebyte/Code/Neo/psychic-octo-wallhack/app/helpers/sessions_helper.rb": [
        1,
        null
      ],
      "/Users/tarebyte/Code/Neo/psychic-octo-wallhack/app/helpers/static_pages_helper.rb": [
        1,
        null
      ],
      "/Users/tarebyte/Code/Neo/psychic-octo-wallhack/app/controllers/sessions_controller.rb": [
        1,
        null,
        null,
        1,
        0,
        0,
        0,
        null,
        null,
        1,
        0,
        0,
        null,
        null
      ],
      "/Users/tarebyte/Code/Neo/psychic-octo-wallhack/app/controllers/application_controller.rb": [
        1,
        null,
        null,
        1,
        null,
        1,
        null,
        1,
        0,
        null,
        1,
        null
      ],
      "/Users/tarebyte/Code/Neo/psychic-octo-wallhack/spec/controllers/static_pages_controller_spec.rb": [
        1,
        null,
        1,
        null,
        1,
        1,
        1,
        1,
        null,
        null,
        null,
        1,
        1,
        1,
        1,
        null,
        null,
        null,
        null
      ],
      "/Users/tarebyte/Code/Neo/psychic-octo-wallhack/app/controllers/static_pages_controller.rb": [
        1,
        1,
        null,
        null,
        1,
        null,
        null
      ],
      "/Users/tarebyte/Code/Neo/psychic-octo-wallhack/spec/features/sign_in_spec.rb": [
        1,
        null,
        1,
        null,
        null,
        null,
        null,
        null,
        null,
        null,
        null,
        null,
        null,
        null,
        null,
        null,
        null,
        null,
        null,
        null,
        null,
        null,
        null,
        null,
        null
      ],
      "/Users/tarebyte/Code/Neo/psychic-octo-wallhack/spec/helpers/sessions_helper_spec.rb": [
        1,
        null,
        null,
        null,
        null,
        null,
        null,
        null,
        null,
        null,
        null,
        null,
        1,
        1,
        null
      ],
      "/Users/tarebyte/Code/Neo/psychic-octo-wallhack/spec/helpers/static_pages_helper_spec.rb": [
        1,
        null,
        null,
        null,
        null,
        null,
        null,
        null,
        null,
        null,
        null,
        null,
        1,
        1,
        null
      ],
      "/Users/tarebyte/Code/Neo/psychic-octo-wallhack/spec/models/user_spec.rb": [
        1,
        null,
        1,
        1,
        null
      ],
      "/Users/tarebyte/Code/Neo/psychic-octo-wallhack/app/models/user.rb": [
        1,
        null,
        1,
        0,
        null,
        null,
        1,
        0,
        0,
        0,
        0,
        0,
        null,
        null,
        null
      ],
      "/Users/tarebyte/Code/Neo/psychic-octo-wallhack/spec/views/static_pages/about.html.slim_spec.rb": [
        1,
        null,
        1,
        1,
        null
      ],
      "/Users/tarebyte/Code/Neo/psychic-octo-wallhack/spec/views/static_pages/home.html.slim_spec.rb": [
        1,
        null,
        1,
        1,
        null
      ]
    },
    "timestamp": 1375509123
  }
}
